<?xml version="1.0" encoding="UTF-8"?>
<!-- Generated by org.testng.reporters.JUnitXMLReporter -->
<testsuite hostname="facultypc-PC" ignored="2" name="TestChrome" tests="3" failures="0" timestamp="08 Aug 2017 10:15:57 GMT" time="59.518" errors="0">
  <testcase name="testValidLogin" time="3.787" classname="com.actitime.test.ValidLogin"/>
  <testcase name="testInvalidLogin" time="16.947" classname="com.actitime.test.InvalidLogin"/>
  <testcase name="testBuildVersion" time="14.667" classname="com.actitime.test.VerifyBuildVersion"/>
  <testcase name="@BeforeSuite initDriver" time="0.0" classname="generic.BaseTest">
    <ignored/>
  </testcase> <!-- @BeforeSuite initDriver -->
  <testcase name="@BeforeSuite initDriver" time="0.0" classname="generic.BaseTest">
    <ignored/>
  </testcase> <!-- @BeforeSuite initDriver -->
</testsuite> <!-- TestChrome -->
