<?xml version="1.0" encoding="UTF-8"?>
<!-- Generated by org.testng.reporters.JUnitXMLReporter -->
<testsuite hostname="facultypc-PC" ignored="2" name="TestFirefox" tests="3" failures="0" timestamp="08 Aug 2017 10:16:12 GMT" time="74.357" errors="0">
  <testcase name="testValidLogin" time="5.143" classname="com.actitime.test.ValidLogin"/>
  <testcase name="testInvalidLogin" time="20.846" classname="com.actitime.test.InvalidLogin"/>
  <testcase name="testBuildVersion" time="16.617" classname="com.actitime.test.VerifyBuildVersion"/>
  <testcase name="@BeforeSuite initDriver" time="0.0" classname="generic.BaseTest">
    <ignored/>
  </testcase> <!-- @BeforeSuite initDriver -->
  <testcase name="@BeforeSuite initDriver" time="0.0" classname="generic.BaseTest">
    <ignored/>
  </testcase> <!-- @BeforeSuite initDriver -->
</testsuite> <!-- TestFirefox -->
